<?xml version="1.0" encoding="UTF-8"?>
<!-- Generated by org.testng.reporters.JUnitXMLReporter -->
<testsuite hostname="Shaileshs-MacBook-Pro.local" ignored="12" name="Command line test" tests="20" failures="0" timestamp="13 Sep 2020 12:59:23 GMT" time="9.716" errors="0">
  <testcase name="@BeforeMethod setUpTest" time="0.0" classname="test.java.BasePageTest">
    <failure type="org.testng.TestNGException" message="
Parameter &amp;apos;browser&amp;apos; is required by BeforeMethod on method setUpTest but has not been marked @Optional or defined
">
      <![CDATA[org.testng.TestNGException: 
Parameter 'browser' is required by BeforeMethod on method setUpTest but has not been marked @Optional or defined

... Removed 34 stack frames]]>
    </failure>
  </testcase> <!-- @BeforeMethod setUpTest -->
  <testcase name="@BeforeMethod setUpTest" time="0.0" classname="test.java.BasePageTest">
    <skipped/>
  </testcase> <!-- @BeforeMethod setUpTest -->
  <testcase name="@BeforeMethod setUpTest" time="0.0" classname="test.java.BasePageTest">
    <skipped/>
  </testcase> <!-- @BeforeMethod setUpTest -->
  <testcase name="@BeforeMethod setUpTest" time="0.0" classname="test.java.BasePageTest">
    <skipped/>
  </testcase> <!-- @BeforeMethod setUpTest -->
  <testcase name="@BeforeMethod setUpTest" time="0.0" classname="test.java.BasePageTest">
    <skipped/>
  </testcase> <!-- @BeforeMethod setUpTest -->
  <testcase name="@BeforeMethod setUpTest" time="0.0" classname="test.java.BasePageTest">
    <skipped/>
  </testcase> <!-- @BeforeMethod setUpTest -->
  <testcase name="@BeforeMethod setUpTest" time="0.0" classname="test.java.BasePageTest">
    <skipped/>
  </testcase> <!-- @BeforeMethod setUpTest -->
  <testcase name="@BeforeMethod setUpTest" time="0.0" classname="test.java.BasePageTest">
    <skipped/>
  </testcase> <!-- @BeforeMethod setUpTest -->
  <testcase name="@BeforeMethod setUpTest" time="0.0" classname="test.java.BasePageTest">
    <skipped/>
  </testcase> <!-- @BeforeMethod setUpTest -->
  <testcase name="@BeforeMethod setUpTest" time="0.0" classname="test.java.BasePageTest">
    <skipped/>
  </testcase> <!-- @BeforeMethod setUpTest -->
  <testcase name="@BeforeMethod setUpTest" time="0.0" classname="test.java.BasePageTest">
    <skipped/>
  </testcase> <!-- @BeforeMethod setUpTest -->
  <testcase name="@BeforeMethod setUpTest" time="0.0" classname="test.java.BasePageTest">
    <skipped/>
  </testcase> <!-- @BeforeMethod setUpTest -->
  <testcase name="@BeforeMethod setUpTest" time="0.0" classname="test.java.BasePageTest">
    <skipped/>
  </testcase> <!-- @BeforeMethod setUpTest -->
  <testcase name="@BeforeMethod setUpTest" time="0.0" classname="test.java.BasePageTest">
    <skipped/>
  </testcase> <!-- @BeforeMethod setUpTest -->
  <testcase name="@BeforeMethod setUpTest" time="0.0" classname="test.java.BasePageTest">
    <skipped/>
  </testcase> <!-- @BeforeMethod setUpTest -->
  <testcase name="@BeforeMethod setUpTest" time="0.0" classname="test.java.BasePageTest">
    <skipped/>
  </testcase> <!-- @BeforeMethod setUpTest -->
  <testcase name="@BeforeMethod setUpTest" time="0.0" classname="test.java.BasePageTest">
    <skipped/>
  </testcase> <!-- @BeforeMethod setUpTest -->
  <testcase name="@BeforeMethod setUpTest" time="0.0" classname="test.java.BasePageTest">
    <skipped/>
  </testcase> <!-- @BeforeMethod setUpTest -->
  <testcase name="@BeforeMethod setUpTest" time="0.0" classname="test.java.BasePageTest">
    <skipped/>
  </testcase> <!-- @BeforeMethod setUpTest -->
  <testcase name="validateCreateNewContactButton" time="0.0" classname="test.java.crm.ContactPageTest">
    <skipped/>
  </testcase> <!-- validateCreateNewContactButton -->
  <testcase name="verifyDragDropFeatureTest" time="2.594" classname="test.java.DragDropFeatureTest"/>
  <testcase name="verifyHomePageHeaderTest" time="0.0" classname="test.java.ecom.brandForLess.HomePageTest">
    <skipped/>
  </testcase> <!-- verifyHomePageHeaderTest -->
  <testcase name="verifyHomePageLogoExistsTest" time="0.0" classname="test.java.ecom.brandForLess.HomePageTest">
    <skipped/>
  </testcase> <!-- verifyHomePageLogoExistsTest -->
  <testcase name="verifyHomePageTitleTest" time="0.0" classname="test.java.ecom.brandForLess.HomePageTest">
    <skipped/>
  </testcase> <!-- verifyHomePageTitleTest -->
  <testcase name="validateCreateNewContact" time="0.0" classname="test.java.crm.NewContactPageTest">
    <skipped/>
  </testcase> <!-- validateCreateNewContact -->
  <testcase name="validateCreateNewContact" time="0.0" classname="test.java.crm.NewContactPageTest">
    <skipped/>
  </testcase> <!-- validateCreateNewContact -->
  <testcase name="validateCreateNewContact" time="0.0" classname="test.java.crm.NewContactPageTest">
    <skipped/>
  </testcase> <!-- validateCreateNewContact -->
  <testcase name="validateCreateNewContact" time="0.0" classname="test.java.crm.NewContactPageTest">
    <skipped/>
  </testcase> <!-- validateCreateNewContact -->
  <testcase name="validateCreateNewContact" time="0.0" classname="test.java.crm.NewContactPageTest">
    <skipped/>
  </testcase> <!-- validateCreateNewContact -->
  <testcase name="validateCreateNewContact" time="0.0" classname="test.java.crm.NewContactPageTest">
    <skipped/>
  </testcase> <!-- validateCreateNewContact -->
  <testcase name="validateCreateNewContact" time="0.0" classname="test.java.crm.NewContactPageTest">
    <skipped/>
  </testcase> <!-- validateCreateNewContact -->
  <testcase name="validateCreateNewContact" time="0.0" classname="test.java.crm.NewContactPageTest">
    <skipped/>
  </testcase> <!-- validateCreateNewContact -->
  <testcase name="validateCreateNewContact" time="0.001" classname="test.java.crm.NewContactPageTest">
    <skipped/>
  </testcase> <!-- validateCreateNewContact -->
  <testcase name="verifyHomePageTitleTest" time="0.0" classname="test.java.crm.HomePageTest">
    <skipped/>
  </testcase> <!-- verifyHomePageTitleTest -->
  <testcase name="verifyLoginPageTitleTest" time="0.0" classname="test.java.crm.LoginPageTest">
    <skipped/>
  </testcase> <!-- verifyLoginPageTitleTest -->
  <testcase name="verifyLoginTest" time="0.0" classname="test.java.crm.LoginPageTest">
    <skipped/>
  </testcase> <!-- verifyLoginTest -->
  <testcase name="verifyContactsLinkTest" time="0.001" classname="test.java.crm.HomePageTest">
    <skipped/>
  </testcase> <!-- verifyContactsLinkTest -->
  <testcase name="verifyDeleteButtonTest" time="0.003" classname="test.java.crm.HomePageTest">
    <skipped/>
  </testcase> <!-- verifyDeleteButtonTest -->
  <testcase name="verifyCalendarLinkTest" time="0.0" classname="test.java.crm.HomePageTest">
    <skipped/>
  </testcase> <!-- verifyCalendarLinkTest -->
  <testcase name="verifySearchInputFieldTest" time="0.0" classname="test.java.ecom.brandForLess.HomePageTest">
    <ignored/>
  </testcase> <!-- verifySearchInputFieldTest -->
  <testcase name="verifyDubbizleMouseOverTabTest" time="0.0" classname="test.java.ecom.brandForLess.HomePageTest">
    <ignored/>
  </testcase> <!-- verifyDubbizleMouseOverTabTest -->
  <testcase name="validateEditContactButton" time="0.0" classname="test.java.crm.ContactPageTest">
    <ignored/>
  </testcase> <!-- validateEditContactButton -->
  <testcase name="verifySearchHistoryFieldTest" time="0.0" classname="test.java.ecom.brandForLess.HomePageTest">
    <ignored/>
  </testcase> <!-- verifySearchHistoryFieldTest -->
  <testcase name="verifySearchHistoryFieldDeleteTest" time="0.0" classname="test.java.ecom.brandForLess.HomePageTest">
    <ignored/>
  </testcase> <!-- verifySearchHistoryFieldDeleteTest -->
  <testcase name="verifyMouseOverTabTest" time="0.0" classname="test.java.ecom.brandForLess.HomePageTest">
    <ignored/>
  </testcase> <!-- verifyMouseOverTabTest -->
  <testcase name="validateShowFiltersButton" time="0.0" classname="test.java.crm.ContactPageTest">
    <ignored/>
  </testcase> <!-- validateShowFiltersButton -->
  <testcase name="validateSelectAllContactsButton" time="0.0" classname="test.java.crm.ContactPageTest">
    <ignored/>
  </testcase> <!-- validateSelectAllContactsButton -->
  <testcase name="verifyNavigateForwardAndBackTest" time="0.0" classname="test.java.ecom.brandForLess.HomePageTest">
    <ignored/>
  </testcase> <!-- verifyNavigateForwardAndBackTest -->
  <testcase name="validateExportButtonOnAllContacts" time="0.0" classname="test.java.crm.ContactPageTest">
    <ignored/>
  </testcase> <!-- validateExportButtonOnAllContacts -->
  <testcase name="validateViewContactButton" time="0.0" classname="test.java.crm.ContactPageTest">
    <ignored/>
  </testcase> <!-- validateViewContactButton -->
  <testcase name="validateDeleteContactButton" time="0.0" classname="test.java.crm.ContactPageTest">
    <ignored/>
  </testcase> <!-- validateDeleteContactButton -->
</testsuite> <!-- Command line test -->
