<!DOCTYPE html PUBLIC "-//W3C//DTD XHTML 1.1//EN" "http://www.w3.org/TR/xhtml11/DTD/xhtml11.dtd">
<html xmlns="http://www.w3.org/1999/xhtml"><head><title>TestNG Report</title><style type="text/css">table {margin-bottom:10px;border-collapse:collapse;empty-cells:show}th,td {border:1px solid #009;padding:.25em .5em}th {vertical-align:bottom}td {vertical-align:top}table a {font-weight:bold}.stripe td {background-color: #E6EBF9}.num {text-align:right}.passedodd td {background-color: #3F3}.passedeven td {background-color: #0A0}.skippedodd td {background-color: #DDD}.skippedeven td {background-color: #CCC}.failedodd td,.attn {background-color: #F33}.failedeven td,.stripe .attn {background-color: #D00}.stacktrace {white-space:pre;font-family:monospace}.totop {font-size:85%;text-align:center;border-bottom:2px solid #000}</style></head><body><table><tr><th>Test</th><th># Passed</th><th># Skipped</th><th># Failed</th><th>Time (ms)</th><th>Included Groups</th><th>Excluded Groups</th></tr><tr><th colspan="7">Command line suite</th></tr><tr><td><a href="#t0">Command line test</a></td><td class="num">1</td><td class="num attn">19</td><td class="num">0</td><td class="num">9,716</td><td></td><td></td></tr></table><table id='summary'><thead><tr><th>Class</th><th>Method</th><th>Start</th><th>Time (ms)</th></tr></thead><tbody><tr><th colspan="4">Command line suite</th></tr></tbody><tbody id="t0"><tr><th colspan="4">Command line test &#8212; failed (configuration methods)</th></tr><tr class="failedeven"><td rowspan="1">test.java.crm.ContactPageTest</td><td><a href="#m0">setUpTest</a></td><td rowspan="1">1600001954063</td><td rowspan="1">0</td></tr><tr><th colspan="4">Command line test &#8212; skipped (configuration methods)</th></tr><tr class="skippedeven"><td rowspan="4">test.java.crm.HomePageTest</td><td><a href="#m1">setUpTest</a></td><td rowspan="4">1600001963758</td><td rowspan="4">0</td></tr><tr class="skippedeven"><td><a href="#m2">setUpTest</a></td></tr><tr class="skippedeven"><td><a href="#m3">setUpTest</a></td></tr><tr class="skippedeven"><td><a href="#m4">setUpTest</a></td></tr><tr class="skippedodd"><td rowspan="2">test.java.crm.LoginPageTest</td><td><a href="#m5">setUpTest</a></td><td rowspan="2">1600001963759</td><td rowspan="2">0</td></tr><tr class="skippedodd"><td><a href="#m6">setUpTest</a></td></tr><tr class="skippedeven"><td rowspan="9">test.java.crm.NewContactPageTest</td><td><a href="#m7">setUpTest</a></td><td rowspan="9">1600001963753</td><td rowspan="9">0</td></tr><tr class="skippedeven"><td><a href="#m8">setUpTest</a></td></tr><tr class="skippedeven"><td><a href="#m9">setUpTest</a></td></tr><tr class="skippedeven"><td><a href="#m10">setUpTest</a></td></tr><tr class="skippedeven"><td><a href="#m11">setUpTest</a></td></tr><tr class="skippedeven"><td><a href="#m12">setUpTest</a></td></tr><tr class="skippedeven"><td><a href="#m13">setUpTest</a></td></tr><tr class="skippedeven"><td><a href="#m14">setUpTest</a></td></tr><tr class="skippedeven"><td><a href="#m15">setUpTest</a></td></tr><tr class="skippedodd"><td rowspan="3">test.java.ecom.brandForLess.HomePageTest</td><td><a href="#m16">setUpTest</a></td><td rowspan="3">1600001963096</td><td rowspan="3">0</td></tr><tr class="skippedodd"><td><a href="#m17">setUpTest</a></td></tr><tr class="skippedodd"><td><a href="#m18">setUpTest</a></td></tr><tr><th colspan="4">Command line test &#8212; skipped</th></tr><tr class="skippedeven"><td rowspan="1">test.java.crm.ContactPageTest</td><td><a href="#m19">validateCreateNewContactButton</a></td><td rowspan="1">1600001954067</td><td rowspan="1">0</td></tr><tr class="skippedodd"><td rowspan="4">test.java.crm.HomePageTest</td><td><a href="#m20">verifyCalendarLinkTest</a></td><td rowspan="1">1600001963763</td><td rowspan="1">0</td></tr><tr class="skippedodd"><td><a href="#m21">verifyContactsLinkTest</a></td><td rowspan="1">1600001963759</td><td rowspan="1">1</td></tr><tr class="skippedodd"><td><a href="#m22">verifyDeleteButtonTest</a></td><td rowspan="1">1600001963760</td><td rowspan="1">3</td></tr><tr class="skippedodd"><td><a href="#m23">verifyHomePageTitleTest</a></td><td rowspan="1">1600001963758</td><td rowspan="1">0</td></tr><tr class="skippedeven"><td rowspan="2">test.java.crm.LoginPageTest</td><td><a href="#m24">verifyLoginPageTitleTest</a></td><td rowspan="1">1600001963759</td><td rowspan="1">0</td></tr><tr class="skippedeven"><td><a href="#m25">verifyLoginTest</a></td><td rowspan="1">1600001963759</td><td rowspan="1">0</td></tr><tr class="skippedodd"><td rowspan="9">test.java.crm.NewContactPageTest</td><td><a href="#m26">validateCreateNewContact</a></td><td rowspan="9">1600001963756</td><td rowspan="9">0</td></tr><tr class="skippedodd"><td><a href="#m27">validateCreateNewContact</a></td></tr><tr class="skippedodd"><td><a href="#m28">validateCreateNewContact</a></td></tr><tr class="skippedodd"><td><a href="#m29">validateCreateNewContact</a></td></tr><tr class="skippedodd"><td><a href="#m30">validateCreateNewContact</a></td></tr><tr class="skippedodd"><td><a href="#m31">validateCreateNewContact</a></td></tr><tr class="skippedodd"><td><a href="#m32">validateCreateNewContact</a></td></tr><tr class="skippedodd"><td><a href="#m33">validateCreateNewContact</a></td></tr><tr class="skippedodd"><td><a href="#m34">validateCreateNewContact</a></td></tr><tr class="skippedeven"><td rowspan="3">test.java.ecom.brandForLess.HomePageTest</td><td><a href="#m35">verifyHomePageHeaderTest</a></td><td rowspan="1">1600001963096</td><td rowspan="1">0</td></tr><tr class="skippedeven"><td><a href="#m36">verifyHomePageLogoExistsTest</a></td><td rowspan="1">1600001963097</td><td rowspan="1">0</td></tr><tr class="skippedeven"><td><a href="#m37">verifyHomePageTitleTest</a></td><td rowspan="1">1600001963098</td><td rowspan="1">0</td></tr><tr><th colspan="4">Command line test &#8212; passed</th></tr><tr class="passedeven"><td rowspan="1">test.java.DragDropFeatureTest</td><td><a href="#m38">verifyDragDropFeatureTest</a></td><td rowspan="1">1600001960360</td><td rowspan="1">2594</td></tr></tbody></table><h2>Command line test</h2><h3 id="m0">test.java.crm.ContactPageTest#setUpTest</h3><table class="result"><tr><th>Exception</th></tr><tr><td><div class="stacktrace">org.testng.TestNGException: 
Parameter &apos;browser&apos; is required by BeforeMethod on method setUpTest but has not been marked @Optional or defined

... Removed 34 stack frames</div></td></tr></table><p class="totop"><a href="#summary">back to summary</a></p><h3 id="m1">test.java.crm.HomePageTest#setUpTest</h3><table class="result"></table><p class="totop"><a href="#summary">back to summary</a></p><h3 id="m2">test.java.crm.HomePageTest#setUpTest</h3><table class="result"></table><p class="totop"><a href="#summary">back to summary</a></p><h3 id="m3">test.java.crm.HomePageTest#setUpTest</h3><table class="result"></table><p class="totop"><a href="#summary">back to summary</a></p><h3 id="m4">test.java.crm.HomePageTest#setUpTest</h3><table class="result"></table><p class="totop"><a href="#summary">back to summary</a></p><h3 id="m5">test.java.crm.LoginPageTest#setUpTest</h3><table class="result"></table><p class="totop"><a href="#summary">back to summary</a></p><h3 id="m6">test.java.crm.LoginPageTest#setUpTest</h3><table class="result"></table><p class="totop"><a href="#summary">back to summary</a></p><h3 id="m7">test.java.crm.NewContactPageTest#setUpTest</h3><table class="result"></table><p class="totop"><a href="#summary">back to summary</a></p><h3 id="m8">test.java.crm.NewContactPageTest#setUpTest</h3><table class="result"></table><p class="totop"><a href="#summary">back to summary</a></p><h3 id="m9">test.java.crm.NewContactPageTest#setUpTest</h3><table class="result"></table><p class="totop"><a href="#summary">back to summary</a></p><h3 id="m10">test.java.crm.NewContactPageTest#setUpTest</h3><table class="result"></table><p class="totop"><a href="#summary">back to summary</a></p><h3 id="m11">test.java.crm.NewContactPageTest#setUpTest</h3><table class="result"></table><p class="totop"><a href="#summary">back to summary</a></p><h3 id="m12">test.java.crm.NewContactPageTest#setUpTest</h3><table class="result"></table><p class="totop"><a href="#summary">back to summary</a></p><h3 id="m13">test.java.crm.NewContactPageTest#setUpTest</h3><table class="result"></table><p class="totop"><a href="#summary">back to summary</a></p><h3 id="m14">test.java.crm.NewContactPageTest#setUpTest</h3><table class="result"></table><p class="totop"><a href="#summary">back to summary</a></p><h3 id="m15">test.java.crm.NewContactPageTest#setUpTest</h3><table class="result"></table><p class="totop"><a href="#summary">back to summary</a></p><h3 id="m16">test.java.ecom.brandForLess.HomePageTest#setUpTest</h3><table class="result"></table><p class="totop"><a href="#summary">back to summary</a></p><h3 id="m17">test.java.ecom.brandForLess.HomePageTest#setUpTest</h3><table class="result"></table><p class="totop"><a href="#summary">back to summary</a></p><h3 id="m18">test.java.ecom.brandForLess.HomePageTest#setUpTest</h3><table class="result"></table><p class="totop"><a href="#summary">back to summary</a></p><h3 id="m19">test.java.crm.ContactPageTest#validateCreateNewContactButton</h3><table class="result"><tr><th>Exception</th></tr><tr><td><div class="stacktrace">org.testng.TestNGException: 
Parameter &apos;browser&apos; is required by BeforeMethod on method setUpTest but has not been marked @Optional or defined

... Removed 34 stack frames</div></td></tr></table><p class="totop"><a href="#summary">back to summary</a></p><h3 id="m20">test.java.crm.HomePageTest#verifyCalendarLinkTest</h3><table class="result"><tr><th>Exception</th></tr><tr><td><div class="stacktrace">org.testng.TestNGException: 
Parameter &apos;browser&apos; is required by BeforeMethod on method setUpTest but has not been marked @Optional or defined

... Removed 34 stack frames</div></td></tr></table><p class="totop"><a href="#summary">back to summary</a></p><h3 id="m21">test.java.crm.HomePageTest#verifyContactsLinkTest</h3><table class="result"><tr><th>Exception</th></tr><tr><td><div class="stacktrace">org.testng.TestNGException: 
Parameter &apos;browser&apos; is required by BeforeMethod on method setUpTest but has not been marked @Optional or defined

... Removed 34 stack frames</div></td></tr></table><p class="totop"><a href="#summary">back to summary</a></p><h3 id="m22">test.java.crm.HomePageTest#verifyDeleteButtonTest</h3><table class="result"><tr><th>Exception</th></tr><tr><td><div class="stacktrace">org.testng.TestNGException: 
Parameter &apos;browser&apos; is required by BeforeMethod on method setUpTest but has not been marked @Optional or defined

... Removed 34 stack frames</div></td></tr></table><p class="totop"><a href="#summary">back to summary</a></p><h3 id="m23">test.java.crm.HomePageTest#verifyHomePageTitleTest</h3><table class="result"><tr><th>Exception</th></tr><tr><td><div class="stacktrace">org.testng.TestNGException: 
Parameter &apos;browser&apos; is required by BeforeMethod on method setUpTest but has not been marked @Optional or defined

... Removed 34 stack frames</div></td></tr></table><p class="totop"><a href="#summary">back to summary</a></p><h3 id="m24">test.java.crm.LoginPageTest#verifyLoginPageTitleTest</h3><table class="result"><tr><th>Exception</th></tr><tr><td><div class="stacktrace">org.testng.TestNGException: 
Parameter &apos;browser&apos; is required by BeforeMethod on method setUpTest but has not been marked @Optional or defined

... Removed 34 stack frames</div></td></tr></table><p class="totop"><a href="#summary">back to summary</a></p><h3 id="m25">test.java.crm.LoginPageTest#verifyLoginTest</h3><table class="result"><tr><th>Exception</th></tr><tr><td><div class="stacktrace">org.testng.TestNGException: 
Parameter &apos;browser&apos; is required by BeforeMethod on method setUpTest but has not been marked @Optional or defined

... Removed 34 stack frames</div></td></tr></table><p class="totop"><a href="#summary">back to summary</a></p><h3 id="m26">test.java.crm.NewContactPageTest#validateCreateNewContact</h3><table class="result"><tr><th>Exception</th></tr><tr><td><div class="stacktrace">org.testng.TestNGException: 
Parameter &apos;browser&apos; is required by BeforeMethod on method setUpTest but has not been marked @Optional or defined

... Removed 34 stack frames</div></td></tr></table><p class="totop"><a href="#summary">back to summary</a></p><h3 id="m27">test.java.crm.NewContactPageTest#validateCreateNewContact</h3><table class="result"><tr><th>Exception</th></tr><tr><td><div class="stacktrace">org.testng.TestNGException: 
Parameter &apos;browser&apos; is required by BeforeMethod on method setUpTest but has not been marked @Optional or defined

... Removed 34 stack frames</div></td></tr></table><p class="totop"><a href="#summary">back to summary</a></p><h3 id="m28">test.java.crm.NewContactPageTest#validateCreateNewContact</h3><table class="result"><tr><th>Exception</th></tr><tr><td><div class="stacktrace">org.testng.TestNGException: 
Parameter &apos;browser&apos; is required by BeforeMethod on method setUpTest but has not been marked @Optional or defined

... Removed 34 stack frames</div></td></tr></table><p class="totop"><a href="#summary">back to summary</a></p><h3 id="m29">test.java.crm.NewContactPageTest#validateCreateNewContact</h3><table class="result"><tr><th>Exception</th></tr><tr><td><div class="stacktrace">org.testng.TestNGException: 
Parameter &apos;browser&apos; is required by BeforeMethod on method setUpTest but has not been marked @Optional or defined

... Removed 34 stack frames</div></td></tr></table><p class="totop"><a href="#summary">back to summary</a></p><h3 id="m30">test.java.crm.NewContactPageTest#validateCreateNewContact</h3><table class="result"><tr><th>Exception</th></tr><tr><td><div class="stacktrace">org.testng.TestNGException: 
Parameter &apos;browser&apos; is required by BeforeMethod on method setUpTest but has not been marked @Optional or defined

... Removed 34 stack frames</div></td></tr></table><p class="totop"><a href="#summary">back to summary</a></p><h3 id="m31">test.java.crm.NewContactPageTest#validateCreateNewContact</h3><table class="result"><tr><th>Exception</th></tr><tr><td><div class="stacktrace">org.testng.TestNGException: 
Parameter &apos;browser&apos; is required by BeforeMethod on method setUpTest but has not been marked @Optional or defined

... Removed 34 stack frames</div></td></tr></table><p class="totop"><a href="#summary">back to summary</a></p><h3 id="m32">test.java.crm.NewContactPageTest#validateCreateNewContact</h3><table class="result"><tr><th>Exception</th></tr><tr><td><div class="stacktrace">org.testng.TestNGException: 
Parameter &apos;browser&apos; is required by BeforeMethod on method setUpTest but has not been marked @Optional or defined

... Removed 34 stack frames</div></td></tr></table><p class="totop"><a href="#summary">back to summary</a></p><h3 id="m33">test.java.crm.NewContactPageTest#validateCreateNewContact</h3><table class="result"><tr><th>Exception</th></tr><tr><td><div class="stacktrace">org.testng.TestNGException: 
Parameter &apos;browser&apos; is required by BeforeMethod on method setUpTest but has not been marked @Optional or defined

... Removed 34 stack frames</div></td></tr></table><p class="totop"><a href="#summary">back to summary</a></p><h3 id="m34">test.java.crm.NewContactPageTest#validateCreateNewContact</h3><table class="result"><tr><th>Exception</th></tr><tr><td><div class="stacktrace">org.testng.TestNGException: 
Parameter &apos;browser&apos; is required by BeforeMethod on method setUpTest but has not been marked @Optional or defined

... Removed 34 stack frames</div></td></tr></table><p class="totop"><a href="#summary">back to summary</a></p><h3 id="m35">test.java.ecom.brandForLess.HomePageTest#verifyHomePageHeaderTest</h3><table class="result"><tr><th>Exception</th></tr><tr><td><div class="stacktrace">org.testng.TestNGException: 
Parameter &apos;browser&apos; is required by BeforeMethod on method setUpTest but has not been marked @Optional or defined

... Removed 34 stack frames</div></td></tr></table><p class="totop"><a href="#summary">back to summary</a></p><h3 id="m36">test.java.ecom.brandForLess.HomePageTest#verifyHomePageLogoExistsTest</h3><table class="result"><tr><th>Exception</th></tr><tr><td><div class="stacktrace">org.testng.TestNGException: 
Parameter &apos;browser&apos; is required by BeforeMethod on method setUpTest but has not been marked @Optional or defined

... Removed 34 stack frames</div></td></tr></table><p class="totop"><a href="#summary">back to summary</a></p><h3 id="m37">test.java.ecom.brandForLess.HomePageTest#verifyHomePageTitleTest</h3><table class="result"><tr><th>Exception</th></tr><tr><td><div class="stacktrace">org.testng.TestNGException: 
Parameter &apos;browser&apos; is required by BeforeMethod on method setUpTest but has not been marked @Optional or defined

... Removed 34 stack frames</div></td></tr></table><p class="totop"><a href="#summary">back to summary</a></p><h3 id="m38">test.java.DragDropFeatureTest#verifyDragDropFeatureTest</h3><table class="result"></table><p class="totop"><a href="#summary">back to summary</a></p></body></html>