<?xml version="1.0" encoding="UTF-8" ?>
<testsuite tests="39" failures="1" name="TestSuite" time="121.468" errors="0" skipped="37">
  <properties>
    <property name="file.encoding.pkg" value="sun.io"/>
    <property name="rvm_version" value="1.27.0 (latest)"/>
    <property name="java.home" value="/Library/Java/JavaVirtualMachines/jdk1.8.0_101.jdk/Contents/Home/jre"/>
    <property name="LOGNAME" value="shailesh"/>
    <property name="rvm_bin_path" value="/Users/shailesh/.rvm/bin"/>
    <property name="SDKMAN_CURRENT_API" value="https://api.sdkman.io/2"/>
    <property name="NODE_NAME" value="master"/>
    <property name="PWD" value="/Users/shailesh/Nileshwari/seleniumDownloads/Jenkins"/>
    <property name="JENKINS_URL" value="http://localhost:8080/"/>
    <property name="sun.font.fontmanager" value="sun.font.CFontManager"/>
    <property name="TERM_PROGRAM_VERSION" value="388.1.3"/>
    <property name="java.endorsed.dirs" value="/Library/Java/JavaVirtualMachines/jdk1.8.0_101.jdk/Contents/Home/jre/lib/endorsed"/>
    <property name="GEM_PATH" value="/Users/shailesh/.rvm/gems/ruby-2.3.0:/Users/shailesh/.rvm/gems/ruby-2.3.0@global"/>
    <property name="sun.os.patch.level" value="unknown"/>
    <property name="java.vendor.url" value="http://java.oracle.com/"/>
    <property name="java.version" value="1.8.0_101"/>
    <property name="rvm_docs_type" value=""/>
    <property name="JOB_NAME" value="SeleniumTestJobs"/>
    <property name="java.vendor.url.bug" value="http://bugreport.sun.com/bugreport/"/>
    <property name="SDKMAN_LEGACY_API" value="https://api.sdkman.io/1"/>
    <property name="GREP_COLOR" value="1;32"/>
    <property name="user.name" value="shailesh"/>
    <property name="rvm_path" value="/Users/shailesh/.rvm"/>
    <property name="sun.io.unicode.encoding" value="UnicodeBig"/>
    <property name="sun.jnu.encoding" value="UTF-8"/>
    <property name="java.runtime.name" value="Java(TM) SE Runtime Environment"/>
    <property name="LC_CTYPE" value=""/>
    <property name="RUBY_VERSION" value="ruby-2.3.0"/>
    <property name="SDKMAN_CANDIDATES_DIR" value="/Users/shailesh/.sdkman/candidates"/>
    <property name="rvm_proxy" value=""/>
    <property name="java.specification.name" value="Java Platform API Specification"/>
    <property name="RUN_CHANGES_DISPLAY_URL" value="http://localhost:8080/job/SeleniumTestJobs/3/display/redirect?page=changes"/>
    <property name="rvm_ruby_make" value=""/>
    <property name="ftp.nonProxyHosts" value="local|*.local|169.254/16|*.169.254/16"/>
    <property name="user.timezone" value="Asia/Dubai"/>
    <property name="path.separator" value=":"/>
    <property name="BUILD_TAG" value="jenkins-SeleniumTestJobs-3"/>
    <property name="TERM" value="xterm-256color"/>
    <property name="_system_type" value="Darwin"/>
    <property name="file.encoding" value="UTF-8"/>
    <property name="PATH" value="/Users/shailesh/.rvm/gems/ruby-2.3.0/bin:/Users/shailesh/.rvm/gems/ruby-2.3.0@global/bin:/Users/shailesh/.rvm/rubies/ruby-2.3.0/bin:/usr/local/sbin:/usr/local/sbin:/usr/local/sbin:/usr/local/sbin:/usr/local/sbin:/usr/local/sbin:/Users/shailesh/.sdkman/candidates/gradle/current/bin:/Users/shailesh/Development/sdk/tools:/Users/shailesh/Development/sdk/platform-tools:/usr/bin:/bin:/usr/sbin:/sbin:/usr/local/bin:/Users/shailesh/.rvm/bin"/>
    <property name="rvm_prefix" value="/Users/shailesh"/>
    <property name="sun.java.command" value="jenkins.maven3.agent.Maven35Main /Users/shailesh/.jenkins/tools/hudson.tasks.Maven_MavenInstallation/TestMaven /Users/shailesh/.jenkins/war/WEB-INF/lib/remoting-4.5.jar /Users/shailesh/.jenkins/plugins/maven-plugin/WEB-INF/lib/maven35-interceptor-1.13.jar /Users/shailesh/.jenkins/plugins/maven-plugin/WEB-INF/lib/maven3-interceptor-commons-1.13.jar 54688"/>
    <property name="GREP_OPTIONS" value="--color=auto"/>
    <property name="HUDSON_URL" value="http://localhost:8080/"/>
    <property name="JENKINS_SERVER_COOKIE" value="4bee62083455358c"/>
    <property name="socksNonProxyHosts" value="local|*.local|169.254/16|*.169.254/16"/>
    <property name="EXECUTOR_NUMBER" value="0"/>
    <property name="java.io.tmpdir" value="/var/folders/rd/w1njflc509l3s2y7vgx50fc80000gn/T/"/>
    <property name="rvm_quiet_flag" value=""/>
    <property name="user.language" value="en"/>
    <property name="line.separator" value="
"/>
    <property name="BUILD_URL" value="http://localhost:8080/job/SeleniumTestJobs/3/"/>
    <property name="SHLVL" value="1"/>
    <property name="M2_HOME" value="/Users/shailesh/.jenkins/tools/hudson.tasks.Maven_MavenInstallation/TestMaven"/>
    <property name="_system_version" value="10.12"/>
    <property name="USER" value="shailesh"/>
    <property name="java.vm.info" value="mixed mode"/>
    <property name="java.vm.specification.name" value="Java Virtual Machine Specification"/>
    <property name="BUILD_DISPLAY_NAME" value="#3"/>
    <property name="rvm_script_name" value=""/>
    <property name="_system_name" value="OSX"/>
    <property name="LESS" value="-R"/>
    <property name="guice.disable.misplaced.annotation.check" value="true"/>
    <property name="XPC_FLAGS" value="0x0"/>
    <property name="HUDSON_SERVER_COOKIE" value="4bee62083455358c"/>
    <property name="com.apple.java.jvmTask" value="CommandLine"/>
    <property name="http.nonProxyHosts" value="local|*.local|169.254/16|*.169.254/16"/>
    <property name="LSCOLORS" value="Gxfxcxdxbxegedabagacad"/>
    <property name="WORKSPACE_TMP" value="/Users/shailesh/.jenkins/workspace/SeleniumTestJobs@tmp"/>
    <property name="MAVEN_HOME" value="/Users/shailesh/.jenkins/tools/hudson.tasks.Maven_MavenInstallation/TestMaven"/>
    <property name="Apple_PubSub_Socket_Render" value="/private/tmp/com.apple.launchd.bLpm2uOrFX/Render"/>
    <property name="java.awt.printerjob" value="sun.lwawt.macosx.CPrinterJob"/>
    <property name="maven3.interceptor.common" value="/Users/shailesh/.jenkins/plugins/maven-plugin/WEB-INF/lib/maven3-interceptor-commons-1.13.jar"/>
    <property name="CLASSPATH" value=""/>
    <property name="JAVA_ARCH" value="x86_64"/>
    <property name="rvm_silent_flag" value=""/>
    <property name="user.country.format" value="IN"/>
    <property name="SDKMAN_VERSION" value="5.5.13+272"/>
    <property name="gopherProxySet" value="false"/>
    <property name="TMPDIR" value="/var/folders/rd/w1njflc509l3s2y7vgx50fc80000gn/T/"/>
    <property name="os.name" value="Mac OS X"/>
    <property name="java.specification.vendor" value="Oracle Corporation"/>
    <property name="rvm_gemstone_package_file" value=""/>
    <property name="java.vm.name" value="Java HotSpot(TM) 64-Bit Server VM"/>
    <property name="BUILD_NUMBER" value="3"/>
    <property name="maven3.interceptor" value="/Users/shailesh/.jenkins/plugins/maven-plugin/WEB-INF/lib/maven35-interceptor-1.13.jar"/>
    <property name="java.library.path" value="/Users/shailesh/Library/Java/Extensions:/Library/Java/Extensions:/Network/Library/Java/Extensions:/System/Library/Java/Extensions:/usr/lib/java:."/>
    <property name="rvm_ruby_file" value=""/>
    <property name="GRADLE_HOME" value="/Users/shailesh/.sdkman/candidates/gradle/current"/>
    <property name="POM_GROUPID" value="MouseOverFeature"/>
    <property name="POM_ARTIFACTID" value="MouseOverFeature"/>
    <property name="java.class.version" value="52.0"/>
    <property name="JOB_URL" value="http://localhost:8080/job/SeleniumTestJobs/"/>
    <property name="PAGER" value="less"/>
    <property name="XPC_SERVICE_NAME" value="0"/>
    <property name="rvm_ruby_make_install" value=""/>
    <property name="RUN_DISPLAY_URL" value="http://localhost:8080/job/SeleniumTestJobs/3/display/redirect"/>
    <property name="TERM_SESSION_ID" value="787275B5-4BDA-4F85-8874-6126BD07D218"/>
    <property name="JENKINS_HOME" value="/Users/shailesh/.jenkins"/>
    <property name="BUILD_ID" value="3"/>
    <property name="sun.boot.library.path" value="/Library/Java/JavaVirtualMachines/jdk1.8.0_101.jdk/Contents/Home/jre/lib"/>
    <property name="sun.management.compiler" value="HotSpot 64-Bit Tiered Compilers"/>
    <property name="java.awt.graphicsenv" value="sun.awt.CGraphicsEnvironment"/>
    <property name="POM_VERSION" value="0.0.1-SNAPSHOT"/>
    <property name="rvm_ruby_mode" value=""/>
    <property name="HUDSON_HOME" value="/Users/shailesh/.jenkins"/>
    <property name="PATH+MAVEN" value="/Users/shailesh/.jenkins/tools/hudson.tasks.Maven_MavenInstallation/TestMaven/bin"/>
    <property name="rvm_niceness" value=""/>
    <property name="OLDPWD" value="/Users"/>
    <property name="RUN_ARTIFACTS_DISPLAY_URL" value="http://localhost:8080/job/SeleniumTestJobs/3/display/redirect?page=artifacts"/>
    <property name="TERM_PROGRAM" value="Apple_Terminal"/>
    <property name="java.vm.specification.version" value="1.8"/>
    <property name="rvm_hook" value=""/>
    <property name="SHELL" value="/bin/zsh"/>
    <property name="awt.toolkit" value="sun.lwawt.macosx.LWCToolkit"/>
    <property name="NODE_LABELS" value="master"/>
    <property name="sun.cpu.isalist" value=""/>
    <property name="_system_arch" value="x86_64"/>
    <property name="JOB_DISPLAY_URL" value="http://localhost:8080/job/SeleniumTestJobs/display/redirect"/>
    <property name="java.ext.dirs" value="/Users/shailesh/Library/Java/Extensions:/Library/Java/JavaVirtualMachines/jdk1.8.0_101.jdk/Contents/Home/jre/lib/ext:/Library/Java/Extensions:/Network/Library/Java/Extensions:/System/Library/Java/Extensions:/usr/lib/java"/>
    <property name="os.version" value="10.12.6"/>
    <property name="user.home" value="/Users/shailesh"/>
    <property name="_" value="/usr/bin/java"/>
    <property name="java.vm.vendor" value="Oracle Corporation"/>
    <property name="IRBRC" value="/Users/shailesh/.rvm/rubies/ruby-2.3.0/.irbrc"/>
    <property name="user.dir" value="/Users/shailesh/Nileshwari/seleniumworkspace/Ecom_BrandForLess"/>
    <property name="maven.conf" value="/Users/shailesh/.jenkins/tools/hudson.tasks.Maven_MavenInstallation/TestMaven/conf"/>
    <property name="rvm_sdk" value=""/>
    <property name="SDKMAN_PLATFORM" value="Darwin"/>
    <property name="sun.cpu.endian" value="little"/>
    <property name="GEM_HOME" value="/Users/shailesh/.rvm/gems/ruby-2.3.0"/>
    <property name="rvm_wrapper_name" value=""/>
    <property name="rvm_bin_flag" value=""/>
    <property name="MY_RUBY_HOME" value="/Users/shailesh/.rvm/rubies/ruby-2.3.0"/>
    <property name="java.vm.version" value="25.101-b13"/>
    <property name="java.class.path" value="/Users/shailesh/.jenkins/plugins/maven-plugin/WEB-INF/lib/maven35-agent-1.13.jar:/Users/shailesh/.jenkins/tools/hudson.tasks.Maven_MavenInstallation/TestMaven/boot/plexus-classworlds-2.6.0.jar:/Users/shailesh/.jenkins/tools/hudson.tasks.Maven_MavenInstallation/TestMaven/conf/logging"/>
    <property name="org.slf4j.simpleLogger.defaultLogLevel" value="info"/>
    <property name="rvm_alias_expanded" value=""/>
    <property name="os.arch" value="x86_64"/>
    <property name="SDKMAN_DIR" value="/Users/shailesh/.sdkman"/>
    <property name="WORKSPACE" value="/Users/shailesh/.jenkins/workspace/SeleniumTestJobs"/>
    <property name="RUN_TESTS_DISPLAY_URL" value="http://localhost:8080/job/SeleniumTestJobs/3/display/redirect?page=tests"/>
    <property name="sun.java.launcher" value="SUN_STANDARD"/>
    <property name="java.vm.specification.vendor" value="Oracle Corporation"/>
    <property name="file.separator" value="/"/>
    <property name="java.runtime.version" value="1.8.0_101-b13"/>
    <property name="__CF_USER_TEXT_ENCODING" value="0x1F5:0x0:0x0"/>
    <property name="sun.boot.class.path" value="/Library/Java/JavaVirtualMachines/jdk1.8.0_101.jdk/Contents/Home/jre/lib/resources.jar:/Library/Java/JavaVirtualMachines/jdk1.8.0_101.jdk/Contents/Home/jre/lib/rt.jar:/Library/Java/JavaVirtualMachines/jdk1.8.0_101.jdk/Contents/Home/jre/lib/sunrsasign.jar:/Library/Java/JavaVirtualMachines/jdk1.8.0_101.jdk/Contents/Home/jre/lib/jsse.jar:/Library/Java/JavaVirtualMachines/jdk1.8.0_101.jdk/Contents/Home/jre/lib/jce.jar:/Library/Java/JavaVirtualMachines/jdk1.8.0_101.jdk/Contents/Home/jre/lib/charsets.jar:/Library/Java/JavaVirtualMachines/jdk1.8.0_101.jdk/Contents/Home/jre/lib/jfr.jar:/Library/Java/JavaVirtualMachines/jdk1.8.0_101.jdk/Contents/Home/jre/classes"/>
    <property name="user.country" value="US"/>
    <property name="POM_PACKAGING" value="jar"/>
    <property name="maven.home" value="/Users/shailesh/.jenkins/tools/hudson.tasks.Maven_MavenInstallation/TestMaven"/>
    <property name="rvm_use_flag" value=""/>
    <property name="JAVA_MAIN_CLASS_4354" value="Main"/>
    <property name="JOB_BASE_NAME" value="SeleniumTestJobs"/>
    <property name="rvm_nightly_flag" value=""/>
    <property name="HOME" value="/Users/shailesh"/>
    <property name="java.vendor" value="Oracle Corporation"/>
    <property name="rvm_only_path_flag" value=""/>
    <property name="SSH_AUTH_SOCK" value="/private/tmp/com.apple.launchd.Sgm60fmovP/Listeners"/>
    <property name="POM_DISPLAYNAME" value="MouseOverFeature"/>
    <property name="java.specification.version" value="1.8"/>
    <property name="rvm_ruby_bits" value=""/>
    <property name="sun.arch.data.model" value="64"/>
    <property name="rvm_gemstone_url" value=""/>
  </properties>
  <testcase classname="test.java.crm.ContactPageTest" name="setUpTest" time="0.281">
    <failure message="
Parameter &apos;browser&apos; is required by BeforeMethod on method setUpTest but has not been marked @Optional or defined
" type="org.testng.TestNGException">org.testng.TestNGException: 
Parameter &apos;browser&apos; is required by BeforeMethod on method setUpTest but has not been marked @Optional or defined
	at org.testng.internal.Parameters.createParameters(Parameters.java:199)
	at org.testng.internal.Parameters.createParameters(Parameters.java:443)
	at org.testng.internal.Parameters.createConfigurationParameters(Parameters.java:118)
	at org.testng.internal.Invoker.invokeConfigurations(Invoker.java:206)
	at org.testng.internal.Invoker.invokeMethod(Invoker.java:599)
	at org.testng.internal.Invoker.invokeTestMethod(Invoker.java:869)
	at org.testng.internal.Invoker.invokeTestMethods(Invoker.java:1193)
	at org.testng.internal.TestMethodWorker.invokeTestMethods(TestMethodWorker.java:126)
	at org.testng.internal.TestMethodWorker.run(TestMethodWorker.java:109)
	at org.testng.TestRunner.privateRun(TestRunner.java:744)
	at org.testng.TestRunner.run(TestRunner.java:602)
	at org.testng.SuiteRunner.runTest(SuiteRunner.java:380)
	at org.testng.SuiteRunner.runSequentially(SuiteRunner.java:375)
	at org.testng.SuiteRunner.privateRun(SuiteRunner.java:340)
	at org.testng.SuiteRunner.run(SuiteRunner.java:289)
	at org.testng.SuiteRunnerWorker.runSuite(SuiteRunnerWorker.java:52)
	at org.testng.SuiteRunnerWorker.run(SuiteRunnerWorker.java:86)
	at org.testng.TestNG.runSuitesSequentially(TestNG.java:1301)
	at org.testng.TestNG.runSuitesLocally(TestNG.java:1226)
	at org.testng.TestNG.runSuites(TestNG.java:1144)
	at org.testng.TestNG.run(TestNG.java:1115)
	at org.apache.maven.surefire.testng.TestNGExecutor.run(TestNGExecutor.java:77)
	at org.apache.maven.surefire.testng.TestNGDirectoryTestSuite.executeMulti(TestNGDirectoryTestSuite.java:159)
	at org.apache.maven.surefire.testng.TestNGDirectoryTestSuite.execute(TestNGDirectoryTestSuite.java:99)
	at org.apache.maven.surefire.testng.TestNGProvider.invoke(TestNGProvider.java:106)
	at sun.reflect.NativeMethodAccessorImpl.invoke0(Native Method)
	at sun.reflect.NativeMethodAccessorImpl.invoke(NativeMethodAccessorImpl.java:62)
	at sun.reflect.DelegatingMethodAccessorImpl.invoke(DelegatingMethodAccessorImpl.java:43)
	at java.lang.reflect.Method.invoke(Method.java:498)
	at org.apache.maven.surefire.util.ReflectionUtils.invokeMethodWithArray(ReflectionUtils.java:189)
	at org.apache.maven.surefire.booter.ProviderFactory$ProviderProxy.invoke(ProviderFactory.java:165)
	at org.apache.maven.surefire.booter.ProviderFactory.invokeProvider(ProviderFactory.java:85)
	at org.apache.maven.surefire.booter.ForkedBooter.runSuitesInProcess(ForkedBooter.java:115)
	at org.apache.maven.surefire.booter.ForkedBooter.main(ForkedBooter.java:75)
</failure>
    <system-out>Configuring TestNG with: org.apache.maven.surefire.testng.conf.TestNG652Configurator@6073f712
</system-out>
  </testcase>
  <testcase classname="test.java.crm.ContactPageTest" name="validateCreateNewContactButton" time="0.282">
    <skipped/>
  </testcase>
  <testcase classname="test.java.DragDropFeatureTest" name="verifyDragDropFeatureTest" time="2.593"/>
  <testcase classname="test.java.ecom.brandForLess.HomePageTest" name="setUpTest" time="2.735">
    <skipped/>
  </testcase>
  <testcase classname="test.java.ecom.brandForLess.HomePageTest" name="verifyHomePageHeaderTest" time="2.735">
    <skipped/>
  </testcase>
  <testcase classname="test.java.ecom.brandForLess.HomePageTest" name="setUpTest" time="2.738">
    <skipped/>
  </testcase>
  <testcase classname="test.java.ecom.brandForLess.HomePageTest" name="verifyHomePageLogoExistsTest" time="2.738">
    <skipped/>
  </testcase>
  <testcase classname="test.java.ecom.brandForLess.HomePageTest" name="setUpTest" time="2.738">
    <skipped/>
  </testcase>
  <testcase classname="test.java.ecom.brandForLess.HomePageTest" name="verifyHomePageTitleTest" time="2.739">
    <skipped/>
  </testcase>
  <testcase classname="test.java.crm.NewContactPageTest" name="setUpTest" time="3.392">
    <skipped/>
    <system-out>2&gt;&gt;***Tom
********Image
3&gt;&gt;***Hero
********Image
4&gt;&gt;***Cherry
********Image
5&gt;&gt;***Firstname
********Image
6&gt;&gt;***Firstname
********Image
7&gt;&gt;***Firstname
********Image
8&gt;&gt;***Firstname
********Image
9&gt;&gt;***Firstname
********Image
10&gt;&gt;***Firstname
********Image
</system-out>
  </testcase>
  <testcase classname="test.java.crm.NewContactPageTest" name="validateCreateNewContact" time="3.392">
    <skipped/>
  </testcase>
  <testcase classname="test.java.crm.NewContactPageTest" name="setUpTest" time="3.393">
    <skipped/>
  </testcase>
  <testcase classname="test.java.crm.NewContactPageTest" name="validateCreateNewContact" time="3.393">
    <skipped/>
  </testcase>
  <testcase classname="test.java.crm.NewContactPageTest" name="setUpTest" time="3.393">
    <skipped/>
  </testcase>
  <testcase classname="test.java.crm.NewContactPageTest" name="validateCreateNewContact" time="3.393">
    <skipped/>
  </testcase>
  <testcase classname="test.java.crm.NewContactPageTest" name="setUpTest" time="3.394">
    <skipped/>
  </testcase>
  <testcase classname="test.java.crm.NewContactPageTest" name="validateCreateNewContact" time="3.394">
    <skipped/>
  </testcase>
  <testcase classname="test.java.crm.NewContactPageTest" name="setUpTest" time="3.394">
    <skipped/>
  </testcase>
  <testcase classname="test.java.crm.NewContactPageTest" name="validateCreateNewContact" time="3.394">
    <skipped/>
  </testcase>
  <testcase classname="test.java.crm.NewContactPageTest" name="setUpTest" time="3.395">
    <skipped/>
  </testcase>
  <testcase classname="test.java.crm.NewContactPageTest" name="validateCreateNewContact" time="3.395">
    <skipped/>
  </testcase>
  <testcase classname="test.java.crm.NewContactPageTest" name="setUpTest" time="3.396">
    <skipped/>
  </testcase>
  <testcase classname="test.java.crm.NewContactPageTest" name="validateCreateNewContact" time="3.396">
    <skipped/>
  </testcase>
  <testcase classname="test.java.crm.NewContactPageTest" name="setUpTest" time="3.396">
    <skipped/>
  </testcase>
  <testcase classname="test.java.crm.NewContactPageTest" name="validateCreateNewContact" time="3.396">
    <skipped/>
  </testcase>
  <testcase classname="test.java.crm.NewContactPageTest" name="setUpTest" time="3.397">
    <skipped/>
  </testcase>
  <testcase classname="test.java.crm.NewContactPageTest" name="validateCreateNewContact" time="3.397">
    <skipped/>
  </testcase>
  <testcase classname="test.java.crm.HomePageTest" name="setUpTest" time="3.397">
    <skipped/>
  </testcase>
  <testcase classname="test.java.crm.HomePageTest" name="verifyHomePageTitleTest" time="3.397">
    <skipped/>
  </testcase>
  <testcase classname="test.java.crm.LoginPageTest" name="setUpTest" time="3.398">
    <skipped/>
  </testcase>
  <testcase classname="test.java.crm.LoginPageTest" name="verifyLoginPageTitleTest" time="3.398">
    <skipped/>
  </testcase>
  <testcase classname="test.java.crm.LoginPageTest" name="setUpTest" time="3.398">
    <skipped/>
  </testcase>
  <testcase classname="test.java.crm.LoginPageTest" name="verifyLoginTest" time="3.398">
    <skipped/>
  </testcase>
  <testcase classname="test.java.crm.HomePageTest" name="setUpTest" time="3.399">
    <skipped/>
  </testcase>
  <testcase classname="test.java.crm.HomePageTest" name="verifyContactsLinkTest" time="3.399">
    <skipped/>
  </testcase>
  <testcase classname="test.java.crm.HomePageTest" name="setUpTest" time="3.399">
    <skipped/>
  </testcase>
  <testcase classname="test.java.crm.HomePageTest" name="verifyDeleteButtonTest" time="3.402">
    <skipped/>
  </testcase>
  <testcase classname="test.java.crm.HomePageTest" name="setUpTest" time="3.402">
    <skipped/>
  </testcase>
  <testcase classname="test.java.crm.HomePageTest" name="verifyCalendarLinkTest" time="3.402">
    <skipped/>
  </testcase>
</testsuite>